Flutter crash report; please file at https://github.com/flutter/flutter/issues.

## command

flutter build aot --suppress-analytics --quiet --target lib/main.dart --target-platform android-arm --output-dir /home/cisco/Pulpit/projects/raporting_and_todo_app_mobile/build/app/intermediates/flutter/release --target-platform android-arm --release

## exception

ProcessException: ProcessException: No such file or directory
  Command: /home/cisco/flutter/bin/cache/artifacts/engine/android-arm-release/linux-x64/gen_snapshot --causal_async_stacks --deterministic --snapshot_kind=app-aot-blobs --vm_snapshot_data=/home/cisco/Pulpit/projects/raporting_and_todo_app_mobile/build/app/intermediates/flutter/release/vm_snapshot_data --isolate_snapshot_data=/home/cisco/Pulpit/projects/raporting_and_todo_app_mobile/build/app/intermediates/flutter/release/isolate_snapshot_data --vm_snapshot_instructions=/home/cisco/Pulpit/projects/raporting_and_todo_app_mobile/build/app/intermediates/flutter/release/vm_snapshot_instr --isolate_snapshot_instructions=/home/cisco/Pulpit/projects/raporting_and_todo_app_mobile/build/app/intermediates/flutter/release/isolate_snapshot_instr --no-sim-use-hardfp --no-use-integer-division /home/cisco/Pulpit/projects/raporting_and_todo_app_mobile/build/app/intermediates/flutter/release/app.dill

```
#0      runCommandAndStreamOutput (package:flutter_tools/src/base/process.dart:142:27)
<asynchronous suspension>
#1      GenSnapshot.run (package:flutter_tools/src/base/build.dart:68:12)
#2      AOTSnapshotter.build.<anonymous closure> (package:flutter_tools/src/base/build.dart:207:88)
#3      AOTSnapshotter._timedStep (package:flutter_tools/src/base/build.dart:363:33)
<asynchronous suspension>
#4      AOTSnapshotter.build (package:flutter_tools/src/base/build.dart:207:43)
<asynchronous suspension>
#5      BuildAotCommand.runCommand (package:flutter_tools/src/commands/build_aot.dart:143:56)
<asynchronous suspension>
#6      FlutterCommand.verifyThenRunCommand (package:flutter_tools/src/runner/flutter_command.dart:559:18)
<asynchronous suspension>
#7      FlutterCommand.run.<anonymous closure> (package:flutter_tools/src/runner/flutter_command.dart:495:33)
<asynchronous suspension>
#8      AppContext.run.<anonymous closure> (package:flutter_tools/src/base/context.dart:142:29)
<asynchronous suspension>
#9      _rootRun (dart:async/zone.dart:1124:13)
#10     _CustomZone.run (dart:async/zone.dart:1021:19)
#11     _runZoned (dart:async/zone.dart:1516:10)
#12     runZoned (dart:async/zone.dart:1463:12)
#13     AppContext.run (package:flutter_tools/src/base/context.dart:141:18)
<asynchronous suspension>
#14     FlutterCommand.run (package:flutter_tools/src/runner/flutter_command.dart:486:20)
#15     CommandRunner.runCommand (package:args/command_runner.dart:196:27)
<asynchronous suspension>
#16     FlutterCommandRunner.runCommand.<anonymous closure> (package:flutter_tools/src/runner/flutter_command_runner.dart:396:21)
<asynchronous suspension>
#17     AppContext.run.<anonymous closure> (package:flutter_tools/src/base/context.dart:142:29)
<asynchronous suspension>
#18     _rootRun (dart:async/zone.dart:1124:13)
#19     _CustomZone.run (dart:async/zone.dart:1021:19)
#20     _runZoned (dart:async/zone.dart:1516:10)
#21     runZoned (dart:async/zone.dart:1463:12)
#22     AppContext.run (package:flutter_tools/src/base/context.dart:141:18)
<asynchronous suspension>
#23     FlutterCommandRunner.runCommand (package:flutter_tools/src/runner/flutter_command_runner.dart:356:19)
<asynchronous suspension>
#24     CommandRunner.run.<anonymous closure> (package:args/command_runner.dart:111:29)
#25     new Future.sync (dart:async/future.dart:224:31)
#26     CommandRunner.run (package:args/command_runner.dart:111:11)
#27     FlutterCommandRunner.run (package:flutter_tools/src/runner/flutter_command_runner.dart:242:18)
#28     run.<anonymous closure> (package:flutter_tools/runner.dart:60:20)
<asynchronous suspension>
#29     AppContext.run.<anonymous closure> (package:flutter_tools/src/base/context.dart:142:29)
<asynchronous suspension>
#30     _rootRun (dart:async/zone.dart:1124:13)
#31     _CustomZone.run (dart:async/zone.dart:1021:19)
#32     _runZoned (dart:async/zone.dart:1516:10)
#33     runZoned (dart:async/zone.dart:1463:12)
#34     AppContext.run (package:flutter_tools/src/base/context.dart:141:18)
<asynchronous suspension>
#35     runInContext (package:flutter_tools/src/context_runner.dart:50:24)
<asynchronous suspension>
#36     run (package:flutter_tools/runner.dart:51:10)
#37     main (package:flutter_tools/executable.dart:60:9)
<asynchronous suspension>
#38     main (file:///b/s/w/ir/k/archive/flutter/packages/flutter_tools/bin/flutter_tools.dart:8:3)
#39     _startIsolate.<anonymous closure> (dart:isolate-patch/isolate_patch.dart:298:32)
#40     _RawReceivePortImpl._handleMessage (dart:isolate-patch/isolate_patch.dart:171:12)
```

## flutter doctor

```
[!] Flutter (Channel stable, v1.5.4-hotfix.2, on Linux, locale pl_PL.UTF-8)
    • Flutter version 1.5.4-hotfix.2 at /home/cisco/flutter
    • Framework revision 7a4c33425d (7 months ago), 2019-04-29 11:05:24 -0700
    • Engine revision 52c7a1e849
    • Dart version 2.3.0 (build 2.3.0-dev.0.5 a1668566e5)
    ✗ Downloaded executables cannot execute on host.
      See https://github.com/flutter/flutter/issues/6207 for more information
      On Debian/Ubuntu/Mint: sudo apt-get install lib32stdc++6
      On Fedora: dnf install libstdc++.i686
      On Arch: pacman -S lib32-gcc-libs


[✓] Android toolchain - develop for Android devices (Android SDK version 29.0.2)
    • Android SDK at /home/cisco/Android/Sdk
    • Android NDK location not configured (optional; useful for native profiling support)
    • Platform android-29, build-tools 29.0.2
    • Java binary at: /home/cisco/android-studio/jre/bin/java
    • Java version OpenJDK Runtime Environment (build 1.8.0_202-release-1483-b49-5587405)
    • All Android licenses accepted.

[✓] Android Studio (version 3.5)
    • Android Studio at /home/cisco/android-studio
    • Flutter plugin version 42.0.1
    • Dart plugin version 191.8593
    • Java version OpenJDK Runtime Environment (build 1.8.0_202-release-1483-b49-5587405)

[!] Connected device
    ! No devices available

! Doctor found issues in 2 categories.
```
